{"/home/pserena/workspace/saas-frontend-blueprint/apps/shell/src/app/app.routes.ts": {"path":"/home/pserena/workspace/saas-frontend-blueprint/apps/shell/src/app/app.routes.ts","statementMap":{"0":{"start":{"line":4,"column":34},"end":{"line":43,"column":null}},"1":{"start":{"line":8,"column":24},"end":{"line":8,"column":null}},"2":{"start":{"line":8,"column":60},"end":{"line":8,"column":null}},"3":{"start":{"line":15,"column":6},"end":{"line":17,"column":null}},"4":{"start":{"line":16,"column":17},"end":{"line":16,"column":null}},"5":{"start":{"line":22,"column":10},"end":{"line":24,"column":null}},"6":{"start":{"line":23,"column":21},"end":{"line":23,"column":null}},"7":{"start":{"line":29,"column":28},"end":{"line":29,"column":null}},"8":{"start":{"line":29,"column":65},"end":{"line":29,"column":78}},"9":{"start":{"line":35,"column":10},"end":{"line":35,"column":null}},"10":{"start":{"line":35,"column":50},"end":{"line":35,"column":66}}},"fnMap":{"0":{"name":"(anonymous_0)","decl":{"start":{"line":8,"column":4},"end":{"line":8,"column":24}},"loc":{"start":{"line":8,"column":24},"end":{"line":8,"column":null}},"line":8},"1":{"name":"(anonymous_1)","decl":{"start":{"line":8,"column":60},"end":{"line":8,"column":72}},"loc":{"start":{"line":8,"column":60},"end":{"line":8,"column":null}},"line":8},"2":{"name":"(anonymous_2)","decl":{"start":{"line":14,"column":4},"end":{"line":14,"column":null}},"loc":{"start":{"line":15,"column":6},"end":{"line":17,"column":null}},"line":15},"3":{"name":"(anonymous_3)","decl":{"start":{"line":16,"column":17},"end":{"line":16,"column":null}},"loc":{"start":{"line":16,"column":17},"end":{"line":16,"column":null}},"line":16},"4":{"name":"(anonymous_4)","decl":{"start":{"line":21,"column":8},"end":{"line":21,"column":null}},"loc":{"start":{"line":22,"column":10},"end":{"line":24,"column":null}},"line":22},"5":{"name":"(anonymous_5)","decl":{"start":{"line":23,"column":21},"end":{"line":23,"column":null}},"loc":{"start":{"line":23,"column":21},"end":{"line":23,"column":null}},"line":23},"6":{"name":"(anonymous_6)","decl":{"start":{"line":29,"column":8},"end":{"line":29,"column":28}},"loc":{"start":{"line":29,"column":28},"end":{"line":29,"column":null}},"line":29},"7":{"name":"(anonymous_7)","decl":{"start":{"line":29,"column":65},"end":{"line":29,"column":78}},"loc":{"start":{"line":29,"column":65},"end":{"line":29,"column":78}},"line":29},"8":{"name":"(anonymous_8)","decl":{"start":{"line":34,"column":8},"end":{"line":34,"column":null}},"loc":{"start":{"line":35,"column":10},"end":{"line":35,"column":null}},"line":35},"9":{"name":"(anonymous_9)","decl":{"start":{"line":35,"column":50},"end":{"line":35,"column":66}},"loc":{"start":{"line":35,"column":50},"end":{"line":35,"column":66}},"line":35}},"branchMap":{},"s":{"0":0,"1":0,"2":0,"3":0,"4":0,"5":0,"6":0,"7":0,"8":0,"9":0,"10":0},"f":{"0":0,"1":0,"2":0,"3":0,"4":0,"5":0,"6":0,"7":0,"8":0,"9":0},"b":{},"meta":{"lastBranch":0,"lastFunction":10,"lastStatement":11,"seen":{"s:4:34:43:Infinity":0,"f:8:4:8:24":0,"s:8:24:8:Infinity":1,"f:8:60:8:72":1,"s:8:60:8:Infinity":2,"f:14:4:14:Infinity":2,"s:15:6:17:Infinity":3,"f:16:17:16:Infinity":3,"s:16:17:16:Infinity":4,"f:21:8:21:Infinity":4,"s:22:10:24:Infinity":5,"f:23:21:23:Infinity":5,"s:23:21:23:Infinity":6,"f:29:8:29:28":6,"s:29:28:29:Infinity":7,"f:29:65:29:78":7,"s:29:65:29:78":8,"f:34:8:34:Infinity":8,"s:35:10:35:Infinity":9,"f:35:50:35:66":9,"s:35:50:35:66":10}}}
,"/home/pserena/workspace/saas-frontend-blueprint/apps/shell/src/app/app.ts": {"path":"/home/pserena/workspace/saas-frontend-blueprint/apps/shell/src/app/app.ts","statementMap":{"0":{"start":{"line":9,"column":7},"end":{"line":9,"column":null}},"1":{"start":{"line":4,"column":1},"end":{"line":8,"column":null}}},"fnMap":{},"branchMap":{},"s":{"0":1,"1":1},"f":{},"b":{},"meta":{"lastBranch":0,"lastFunction":0,"lastStatement":2,"seen":{"s:9:7:9:Infinity":0,"s:4:1:8:Infinity":1}}}
}
